# JRE version: OpenJDK Runtime Environment (11.0.10) (build 11.0.10+0-b96-7249189)
# Java VM: OpenJDK 64-Bit Server VM (11.0.10+0-b96-7249189, mixed mode, tiered, compressed oops, g1 gc, windows-amd64)
Heap:
 garbage-first heap   total 301056K, used 144891K [0x0000000080000000, 0x0000000100000000)
  region size 1024K, 1 young (1024K), 1 survivors (1024K)
 Metaspace       used 103144K, capacity 105741K, committed 106060K, reserved 1140736K
  class space    used 13192K, capacity 14144K, committed 14208K, reserved 1048576K
GC Heap History (20 events):
Event: 58.952 GC heap after
{Heap after GC invocations=35 (full 0):
 garbage-first heap   total 177152K, used 130499K [0x0000000080000000, 0x0000000100000000)
  region size 1024K, 4 young (4096K), 4 survivors (4096K)
 Metaspace       used 99828K, capacity 102286K, committed 102476K, reserved 1138688K
  class space    used 12750K, capacity 13634K, committed 13696K, reserved 1048576K
}
Event: 59.584 GC heap before
{Heap before GC invocations=36 (full 0):
 garbage-first heap   total 177152K, used 142787K [0x0000000080000000, 0x0000000100000000)
  region size 1024K, 17 young (17408K), 4 survivors (4096K)
 Metaspace       used 101583K, capacity 104007K, committed 104268K, reserved 1140736K
  class space    used 13008K, capacity 13906K, committed 13952K, reserved 1048576K
}
Event: 59.602 GC heap after
{Heap after GC invocations=37 (full 0):
 garbage-first heap   total 177152K, used 134656K [0x0000000080000000, 0x0000000100000000)
  region size 1024K, 3 young (3072K), 3 survivors (3072K)
 Metaspace       used 101583K, capacity 104007K, committed 104268K, reserved 1140736K
  class space    used 13008K, capacity 13906K, committed 13952K, reserved 1048576K
}
Event: 59.676 GC heap before
{Heap before GC invocations=37 (full 0):
 garbage-first heap   total 177152K, used 139776K [0x0000000080000000, 0x0000000100000000)
  region size 1024K, 8 young (8192K), 3 survivors (3072K)
 Metaspace       used 101665K, capacity 104114K, committed 104268K, reserved 1140736K
  class space    used 13018K, capacity 13916K, committed 13952K, reserved 1048576K
}
Event: 59.692 GC heap after
{Heap after GC invocations=38 (full 0):
 garbage-first heap   total 177152K, used 134054K [0x0000000080000000, 0x0000000100000000)
  region size 1024K, 1 young (1024K), 1 survivors (1024K)
 Metaspace       used 101665K, capacity 104114K, committed 104268K, reserved 1140736K
  class space    used 13018K, capacity 13916K, committed 13952K, reserved 1048576K
}
Event: 59.977 GC heap before
{Heap before GC invocations=38 (full 0):
 garbage-first heap   total 177152K, used 146342K [0x0000000080000000, 0x0000000100000000)
  region size 1024K, 13 young (13312K), 1 survivors (1024K)
 Metaspace       used 102202K, capacity 104847K, committed 104908K, reserved 1140736K
  class space    used 13113K, capacity 14078K, committed 14080K, reserved 1048576K
}
Event: 59.988 GC heap after
{Heap after GC invocations=39 (full 0):
 garbage-first heap   total 177152K, used 135078K [0x0000000080000000, 0x0000000100000000)
  region size 1024K, 2 young (2048K), 2 survivors (2048K)
 Metaspace       used 102202K, capacity 104847K, committed 104908K, reserved 1140736K
  class space    used 13113K, capacity 14078K, committed 14080K, reserved 1048576K
}
Event: 60.355 GC heap before
{Heap before GC invocations=39 (full 0):
 garbage-first heap   total 177152K, used 147366K [0x0000000080000000, 0x0000000100000000)
  region size 1024K, 14 young (14336K), 2 survivors (2048K)
 Metaspace       used 102560K, capacity 105195K, committed 105548K, reserved 1140736K
  class space    used 13150K, capacity 14103K, committed 14208K, reserved 1048576K
}
Event: 60.366 GC heap after
{Heap after GC invocations=40 (full 0):
 garbage-first heap   total 177152K, used 136450K [0x0000000080000000, 0x0000000100000000)
  region size 1024K, 2 young (2048K), 2 survivors (2048K)
 Metaspace       used 102560K, capacity 105195K, committed 105548K, reserved 1140736K
  class space    used 13150K, capacity 14103K, committed 14208K, reserved 1048576K
}
Event: 60.630 GC heap before
{Heap before GC invocations=40 (full 0):
 garbage-first heap   total 177152K, used 142594K [0x0000000080000000, 0x0000000100000000)
  region size 1024K, 14 young (14336K), 2 survivors (2048K)
 Metaspace       used 102531K, capacity 105103K, committed 105548K, reserved 1140736K
  class space    used 13129K, capacity 14066K, committed 14208K, reserved 1048576K
}
Event: 60.643 GC heap after
{Heap after GC invocations=41 (full 0):
 garbage-first heap   total 177152K, used 133136K [0x0000000080000000, 0x0000000100000000)
  region size 1024K, 2 young (2048K), 2 survivors (2048K)
 Metaspace       used 102531K, capacity 105103K, committed 105548K, reserved 1140736K
  class space    used 13129K, capacity 14066K, committed 14208K, reserved 1048576K
}
Event: 60.930 GC heap before
{Heap before GC invocations=42 (full 0):
 garbage-first heap   total 177152K, used 148496K [0x0000000080000000, 0x0000000100000000)
  region size 1024K, 15 young (15360K), 2 survivors (2048K)
 Metaspace       used 102540K, capacity 105168K, committed 105548K, reserved 1140736K
  class space    used 13129K, capacity 14066K, committed 14208K, reserved 1048576K
}
Event: 60.947 GC heap after
{Heap after GC invocations=43 (full 0):
 garbage-first heap   total 212992K, used 136271K [0x0000000080000000, 0x0000000100000000)
  region size 1024K, 2 young (2048K), 2 survivors (2048K)
 Metaspace       used 102540K, capacity 105168K, committed 105548K, reserved 1140736K
  class space    used 13129K, capacity 14066K, committed 14208K, reserved 1048576K
}
Event: 61.165 GC heap before
{Heap before GC invocations=43 (full 0):
 garbage-first heap   total 212992K, used 143439K [0x0000000080000000, 0x0000000100000000)
  region size 1024K, 10 young (10240K), 2 survivors (2048K)
 Metaspace       used 102726K, capacity 105374K, committed 105548K, reserved 1140736K
  class space    used 13150K, capacity 14111K, committed 14208K, reserved 1048576K
}
Event: 61.193 GC heap after
{Heap after GC invocations=44 (full 0):
 garbage-first heap   total 212992K, used 128900K [0x0000000080000000, 0x0000000100000000)
  region size 1024K, 2 young (2048K), 2 survivors (2048K)
 Metaspace       used 102726K, capacity 105374K, committed 105548K, reserved 1140736K
  class space    used 13150K, capacity 14111K, committed 14208K, reserved 1048576K
}
Event: 61.941 GC heap before
{Heap before GC invocations=44 (full 0):
 garbage-first heap   total 212992K, used 160644K [0x0000000080000000, 0x0000000100000000)
  region size 1024K, 31 young (31744K), 2 survivors (2048K)
 Metaspace       used 103014K, capacity 105654K, committed 105804K, reserved 1140736K
  class space    used 13185K, capacity 14138K, committed 14208K, reserved 1048576K
}
Event: 61.957 GC heap after
{Heap after GC invocations=45 (full 0):
 garbage-first heap   total 212992K, used 136576K [0x0000000080000000, 0x0000000100000000)
  region size 1024K, 4 young (4096K), 4 survivors (4096K)
 Metaspace       used 103014K, capacity 105654K, committed 105804K, reserved 1140736K
  class space    used 13185K, capacity 14138K, committed 14208K, reserved 1048576K
}
Event: 62.087 GC heap before
{Heap before GC invocations=45 (full 0):
 garbage-first heap   total 212992K, used 166272K [0x0000000080000000, 0x0000000100000000)
  region size 1024K, 32 young (32768K), 4 survivors (4096K)
 Metaspace       used 103090K, capacity 105737K, committed 105804K, reserved 1140736K
  class space    used 13191K, capacity 14143K, committed 14208K, reserved 1048576K
}
Event: 62.102 GC heap after
{Heap after GC invocations=46 (full 0):
 garbage-first heap   total 212992K, used 143046K [0x0000000080000000, 0x0000000100000000)
  region size 1024K, 4 young (4096K), 4 survivors (4096K)
 Metaspace       used 103090K, capacity 105737K, committed 105804K, reserved 1140736K
  class space    used 13191K, capacity 14143K, committed 14208K, reserved 1048576K
}
Event: 62.201 GC heap before
{Heap before GC invocations=46 (full 0):
 garbage-first heap   total 212992K, used 147142K [0x0000000080000000, 0x0000000100000000)
  region size 1024K, 8 young (8192K), 4 survivors (4096K)
 Metaspace       used 103144K, capacity 105741K, committed 106060K, reserved 1140736K
  class space    used 13192K, capacity 14144K, committed 14208K, reserved 1048576K
}

